## 3. Model_3.py logs:

(.venv) PS C:\Raghu\MyLearnings\ERA_V4\S6-21092025\code\mnist_digits_experiments> python .\Experiment3.py
CUDA Available? True
cuda
----------------------------------------------------------------
        Layer (type)               Output Shape         Param #
================================================================
            Conv2d-1            [-1, 8, 28, 28]              80
       BatchNorm2d-2            [-1, 8, 28, 28]              16
            Conv2d-3           [-1, 16, 28, 28]           1,168
       BatchNorm2d-4           [-1, 16, 28, 28]              32
         MaxPool2d-5           [-1, 16, 14, 14]               0
            Conv2d-6           [-1, 16, 14, 14]           2,320
       BatchNorm2d-7           [-1, 16, 14, 14]              32
         MaxPool2d-8             [-1, 16, 7, 7]               0
            Conv2d-9             [-1, 28, 7, 7]           4,060
      BatchNorm2d-10             [-1, 28, 7, 7]              56
           Conv2d-11             [-1, 10, 7, 7]             290
AdaptiveAvgPool2d-12             [-1, 10, 1, 1]               0
================================================================
Total params: 8,054
Trainable params: 8,054
Non-trainable params: 0
----------------------------------------------------------------
Input size (MB): 0.00
Forward/backward pass size (MB): 0.39
Params size (MB): 0.03
Estimated Total Size (MB): 0.42
----------------------------------------------------------------
EPOCH: 1
28092025-1351
Epoch 1 Loss=0.5005 Batch_id=468 Accuracy=56.71: 100%|██████████████████████████████████████████████████████████████████████████████████████████████████████████████████████████████████| 469/469 [00:34<00:00, 13.64it/s] 
28092025-1352

Test set: Average loss: 0.4422, Accuracy: 8751/10000 (87.51%)

-----------------------------------------------
EPOCH: 2
28092025-1352
Epoch 2 Loss=0.1320 Batch_id=468 Accuracy=93.54: 100%|██████████████████████████████████████████████████████████████████████████████████████████████████████████████████████████████████| 469/469 [00:34<00:00, 13.78it/s] 
28092025-1353

Test set: Average loss: 0.1546, Accuracy: 9557/10000 (95.57%)

-----------------------------------------------
EPOCH: 3
28092025-1353
Epoch 3 Loss=0.2393 Batch_id=468 Accuracy=95.60: 100%|██████████████████████████████████████████████████████████████████████████████████████████████████████████████████████████████████| 469/469 [00:34<00:00, 13.41it/s] 
28092025-1353

Test set: Average loss: 0.1997, Accuracy: 9369/10000 (93.69%)

-----------------------------------------------
EPOCH: 4
28092025-1353
Epoch 4 Loss=0.1130 Batch_id=468 Accuracy=96.46: 100%|██████████████████████████████████████████████████████████████████████████████████████████████████████████████████████████████████| 469/469 [00:35<00:00, 13.35it/s] 
28092025-1354

Test set: Average loss: 0.1144, Accuracy: 9646/10000 (96.46%)

-----------------------------------------------
EPOCH: 5
28092025-1354
Epoch 5 Loss=0.2724 Batch_id=468 Accuracy=97.02: 100%|██████████████████████████████████████████████████████████████████████████████████████████████████████████████████████████████████| 469/469 [00:35<00:00, 13.40it/s] 
28092025-1355

Test set: Average loss: 0.1261, Accuracy: 9584/10000 (95.84%)

-----------------------------------------------
EPOCH: 6
28092025-1355
Epoch 6 Loss=0.0905 Batch_id=468 Accuracy=97.37: 100%|██████████████████████████████████████████████████████████████████████████████████████████████████████████████████████████████████| 469/469 [00:35<00:00, 13.25it/s] 
28092025-1355

Test set: Average loss: 0.0560, Accuracy: 9832/10000 (98.32%)

-----------------------------------------------
EPOCH: 7
28092025-1355
Epoch 7 Loss=0.0367 Batch_id=468 Accuracy=97.57: 100%|██████████████████████████████████████████████████████████████████████████████████████████████████████████████████████████████████| 469/469 [00:34<00:00, 13.59it/s] 
28092025-1356

Test set: Average loss: 0.0683, Accuracy: 9797/10000 (97.97%)

-----------------------------------------------
EPOCH: 8
28092025-1356
Epoch 8 Loss=0.0696 Batch_id=468 Accuracy=97.83: 100%|██████████████████████████████████████████████████████████████████████████████████████████████████████████████████████████████████| 469/469 [00:35<00:00, 13.26it/s] 
28092025-1356

Test set: Average loss: 0.0694, Accuracy: 9808/10000 (98.08%)

-----------------------------------------------
EPOCH: 9
28092025-1357
Epoch 9 Loss=0.0344 Batch_id=468 Accuracy=97.78: 100%|██████████████████████████████████████████████████████████████████████████████████████████████████████████████████████████████████| 469/469 [00:35<00:00, 13.08it/s] 
28092025-1357

Test set: Average loss: 0.0434, Accuracy: 9867/10000 (98.67%)

-----------------------------------------------
EPOCH: 10
28092025-1357
Epoch 10 Loss=0.0485 Batch_id=468 Accuracy=98.04: 100%|█████████████████████████████████████████████████████████████████████████████████████████████████████████████████████████████████| 469/469 [00:36<00:00, 12.99it/s] 
28092025-1358

Test set: Average loss: 0.0374, Accuracy: 9884/10000 (98.84%)

-----------------------------------------------
EPOCH: 11
28092025-1358
Epoch 11 Loss=0.0298 Batch_id=468 Accuracy=98.12: 100%|█████████████████████████████████████████████████████████████████████████████████████████████████████████████████████████████████| 469/469 [00:37<00:00, 12.56it/s] 
28092025-1358

Test set: Average loss: 0.0406, Accuracy: 9873/10000 (98.73%)

-----------------------------------------------
EPOCH: 12
28092025-1358
Epoch 12 Loss=0.0411 Batch_id=468 Accuracy=98.29: 100%|█████████████████████████████████████████████████████████████████████████████████████████████████████████████████████████████████| 469/469 [00:38<00:00, 12.32it/s] 
28092025-1359

Test set: Average loss: 0.0362, Accuracy: 9892/10000 (98.92%)

-----------------------------------------------
EPOCH: 13
28092025-1359
Epoch 13 Loss=0.0907 Batch_id=468 Accuracy=98.26: 100%|█████████████████████████████████████████████████████████████████████████████████████████████████████████████████████████████████| 469/469 [00:40<00:00, 11.47it/s] 
28092025-1400

Test set: Average loss: 0.0324, Accuracy: 9904/10000 (99.04%)

-----------------------------------------------
EPOCH: 14
28092025-1400
Epoch 14 Loss=0.1292 Batch_id=468 Accuracy=98.39: 100%|█████████████████████████████████████████████████████████████████████████████████████████████████████████████████████████████████| 469/469 [00:41<00:00, 11.28it/s] 
28092025-1401

Test set: Average loss: 0.0303, Accuracy: 9913/10000 (99.13%)

-----------------------------------------------
EPOCH: 15
28092025-1401
Epoch 15 Loss=0.0495 Batch_id=468 Accuracy=98.53: 100%|█████████████████████████████████████████████████████████████████████████████████████████████████████████████████████████████████| 469/469 [00:41<00:00, 11.18it/s] 
28092025-1401

Test set: Average loss: 0.0285, Accuracy: 9912/10000 (99.12%)

-----------------------------------------------
Plot saved as training_results-28092025-1401.png
(.venv) PS C:\Raghu\MyLearnings\ERA_V4\S6-21092025\code\mnist_digits_experiments> 