## 1. Model_2.py logs:
```
(.venv) PS C:\Raghu\MyLearnings\ERA_V4\S6-21092025\code\mnist_digits_experiments> python .\Experiment2.py
CUDA Available? True
cuda
----------------------------------------------------------------
        Layer (type)               Output Shape         Param #
================================================================
            Conv2d-1            [-1, 8, 28, 28]              80
       BatchNorm2d-2            [-1, 8, 28, 28]              16
            Conv2d-3           [-1, 16, 28, 28]           1,168
       BatchNorm2d-4           [-1, 16, 28, 28]              32
         MaxPool2d-5           [-1, 16, 14, 14]               0
            Conv2d-6           [-1, 16, 14, 14]           2,320
       BatchNorm2d-7           [-1, 16, 14, 14]              32
         MaxPool2d-8             [-1, 16, 7, 7]               0
            Conv2d-9             [-1, 32, 7, 7]           4,640
      BatchNorm2d-10             [-1, 32, 7, 7]              64
           Conv2d-11             [-1, 10, 7, 7]             330
AdaptiveAvgPool2d-12             [-1, 10, 1, 1]               0
================================================================
Total params: 8,682
Trainable params: 8,682
Non-trainable params: 0
----------------------------------------------------------------
Input size (MB): 0.00
Forward/backward pass size (MB): 0.39
Params size (MB): 0.03
Estimated Total Size (MB): 0.43
----------------------------------------------------------------
EPOCH: 1
28092025-1423
Loss=0.36920347809791565 Batch_id=468 Accuracy=71.10: 100%|█████████████████████████████████████████████████████████████████████████████████████████████████████████████████████████████| 469/469 [00:27<00:00, 17.35it/s]
28092025-1424

Test set: Average loss: 0.4277, Accuracy: 8900/10000 (89.00%)

C:\Raghu\MyLearnings\ERA_V4\S6-21092025\code\mnist_digits_experiments\.venv\Lib\site-packages\torch\optim\lr_scheduler.py:240: UserWarning: The epoch parameter in `scheduler.step()` was not necessary and is being deprecated where possible. Please use `scheduler.step()` to step the scheduler. During the deprecation, if epoch is different from None, the closed form is used instead of the new chainable form, where available. Please open an issue if you are unable to replicate your use case: https://github.com/pytorch/pytorch/issues/new/choose.
  warnings.warn(EPOCH_DEPRECATION_WARNING, UserWarning)
-----------------------------------------------
EPOCH: 2
28092025-1424
Loss=0.15809984505176544 Batch_id=468 Accuracy=95.14: 100%|█████████████████████████████████████████████████████████████████████████████████████████████████████████████████████████████| 469/469 [00:28<00:00, 16.58it/s] 
28092025-1424

Test set: Average loss: 0.1636, Accuracy: 9553/10000 (95.53%)

-----------------------------------------------
EPOCH: 3
28092025-1424
Loss=0.10418612509965897 Batch_id=468 Accuracy=96.42: 100%|█████████████████████████████████████████████████████████████████████████████████████████████████████████████████████████████| 469/469 [00:29<00:00, 15.97it/s] 
28092025-1425

Test set: Average loss: 0.0978, Accuracy: 9710/10000 (97.10%)

-----------------------------------------------
EPOCH: 4
28092025-1425
Loss=0.10030681639909744 Batch_id=468 Accuracy=97.03: 100%|█████████████████████████████████████████████████████████████████████████████████████████████████████████████████████████████| 469/469 [00:30<00:00, 15.14it/s] 
28092025-1425

Test set: Average loss: 0.0975, Accuracy: 9723/10000 (97.23%)

-----------------------------------------------
EPOCH: 5
28092025-1425
Loss=0.17494289577007294 Batch_id=468 Accuracy=97.43: 100%|█████████████████████████████████████████████████████████████████████████████████████████████████████████████████████████████| 469/469 [00:32<00:00, 14.38it/s] 
28092025-1426

Test set: Average loss: 0.0895, Accuracy: 9739/10000 (97.39%)

-----------------------------------------------
EPOCH: 6
28092025-1426
Loss=0.07066521048545837 Batch_id=468 Accuracy=97.53: 100%|█████████████████████████████████████████████████████████████████████████████████████████████████████████████████████████████| 469/469 [00:33<00:00, 13.97it/s] 
28092025-1426

Test set: Average loss: 0.0812, Accuracy: 9754/10000 (97.54%)

-----------------------------------------------
EPOCH: 7
28092025-1427
Loss=0.06886536628007889 Batch_id=468 Accuracy=97.81: 100%|█████████████████████████████████████████████████████████████████████████████████████████████████████████████████████████████| 469/469 [00:33<00:00, 13.86it/s] 
28092025-1427

Test set: Average loss: 0.0742, Accuracy: 9769/10000 (97.69%)

-----------------------------------------------
EPOCH: 8
28092025-1427
Loss=0.10225506871938705 Batch_id=468 Accuracy=97.97: 100%|█████████████████████████████████████████████████████████████████████████████████████████████████████████████████████████████| 469/469 [00:34<00:00, 13.63it/s] 
28092025-1428

Test set: Average loss: 0.0845, Accuracy: 9750/10000 (97.50%)

-----------------------------------------------
EPOCH: 9
28092025-1428
Loss=0.13639578223228455 Batch_id=468 Accuracy=98.05: 100%|█████████████████████████████████████████████████████████████████████████████████████████████████████████████████████████████| 469/469 [00:35<00:00, 13.39it/s] 
28092025-1428

Test set: Average loss: 0.0700, Accuracy: 9793/10000 (97.93%)

-----------------------------------------------
EPOCH: 10
28092025-1428
Loss=0.04578019306063652 Batch_id=468 Accuracy=98.17: 100%|█████████████████████████████████████████████████████████████████████████████████████████████████████████████████████████████| 469/469 [00:35<00:00, 13.20it/s] 
28092025-1429

Test set: Average loss: 0.0671, Accuracy: 9808/10000 (98.08%)

-----------------------------------------------
EPOCH: 11
28092025-1429
Loss=0.05619727075099945 Batch_id=468 Accuracy=98.23: 100%|█████████████████████████████████████████████████████████████████████████████████████████████████████████████████████████████| 469/469 [00:36<00:00, 12.93it/s] 
28092025-1430

Test set: Average loss: 0.0511, Accuracy: 9845/10000 (98.45%)

-----------------------------------------------
EPOCH: 12
28092025-1430
Loss=0.1221398189663887 Batch_id=468 Accuracy=98.28: 100%|██████████████████████████████████████████████████████████████████████████████████████████████████████████████████████████████| 469/469 [00:36<00:00, 12.80it/s] 
28092025-1430

Test set: Average loss: 0.0513, Accuracy: 9840/10000 (98.40%)

-----------------------------------------------
EPOCH: 13
28092025-1430
Loss=0.028884632512927055 Batch_id=468 Accuracy=98.46: 100%|████████████████████████████████████████████████████████████████████████████████████████████████████████████████████████████| 469/469 [00:37<00:00, 12.46it/s] 
28092025-1431

Test set: Average loss: 0.0604, Accuracy: 9810/10000 (98.10%)

-----------------------------------------------
EPOCH: 14
28092025-1431
Loss=0.044170115143060684 Batch_id=468 Accuracy=98.43: 100%|████████████████████████████████████████████████████████████████████████████████████████████████████████████████████████████| 469/469 [00:37<00:00, 12.53it/s] 
28092025-1432

Test set: Average loss: 0.0693, Accuracy: 9784/10000 (97.84%)

-----------------------------------------------
EPOCH: 15
28092025-1432
Loss=0.0428624302148819 Batch_id=468 Accuracy=98.55: 100%|██████████████████████████████████████████████████████████████████████████████████████████████████████████████████████████████| 469/469 [00:40<00:00, 11.60it/s] 
28092025-1432

Test set: Average loss: 0.0419, Accuracy: 9870/10000 (98.70%)

-----------------------------------------------
Plot saved as training_results-28092025-1433.png
(.venv) PS C:\Raghu\MyLearnings\ERA_V4\S6-21092025\code\mnist_digits_experiments> 
```

